<?xml version="1.0" encoding="UTF-8"?>
<!-- Generated by org.testng.reporters.JUnitXMLReporter -->
<testsuite hostname="tpatel" ignored="0" name="Test" tests="4" failures="0" timestamp="27 Dec 2017 05:49:17 GMT" time="10.73" errors="0">
  <testcase name="OpenUptakeURL" time="3.954" classname="com.uptake.test.HomePageTest"/>
  <testcase name="LocateAllJobOpeningAndClickLink" time="0.747" classname="com.uptake.test.FillOutJobApplication"/>
  <testcase name="VerifyHomePageElementsAndTextPresent" time="1.307" classname="com.uptake.test.HomePageTest"/>
  <testcase name="ContactUptakeForJob" time="4.673" classname="com.uptake.test.HomePageTest"/>
</testsuite> <!-- Test -->
