<?xml version="1.0" encoding="UTF-8"?>
<!-- Generated by org.testng.reporters.JUnitXMLReporter -->
<testsuite hostname="tpatel" ignored="0" name="Test1" tests="3" failures="0" timestamp="27 Dec 2017 05:54:04 GMT" time="8.397" errors="0">
  <testcase name="OpenUptakeURL" time="3.833" classname="com.uptake.test.HomePageTest"/>
  <testcase name="VerifyHomePageElementsAndTextPresent" time="0.57" classname="com.uptake.test.HomePageTest"/>
  <testcase name="ContactUptakeForJob" time="3.969" classname="com.uptake.test.HomePageTest"/>
</testsuite> <!-- Test1 -->
