<?xml version="1.0" encoding="UTF-8"?>
<!-- Generated by org.testng.reporters.JUnitXMLReporter -->
<testsuite hostname="tpatel" ignored="0" name="Default test" tests="3" failures="0" timestamp="27 Dec 2017 05:12:15 GMT" time="8.528" errors="0">
  <testcase name="OpenUptakeURL" time="3.833" classname="com.uptake.test.HomePageTest"/>
  <testcase name="VerifyHomePageElementsAndTextPresent" time="0.566" classname="com.uptake.test.HomePageTest"/>
  <testcase name="ContactUptakeForJob" time="4.086" classname="com.uptake.test.HomePageTest"/>
</testsuite> <!-- Default test -->
