<?xml version="1.0" encoding="UTF-8"?>
<!-- Generated by org.testng.reporters.JUnitReportReporter -->
<testsuite skipped="0" hostname="tpatel" name="com.uptake.test.HomePageTest" tests="3" failures="0" timestamp="27 Dec 2017 05:54:05 GMT" time="8.372" errors="0">
  <testcase name="OpenUptakeURL" time="3.833" classname="com.uptake.test.HomePageTest"/>
  <testcase name="VerifyHomePageElementsAndTextPresent" time="0.570" classname="com.uptake.test.HomePageTest"/>
  <testcase name="ContactUptakeForJob" time="3.969" classname="com.uptake.test.HomePageTest"/>
</testsuite> <!-- com.uptake.test.HomePageTest -->
